Using pre-set license
Built from '2020.3/release' branch; Version is '2020.3.1f1 (77a89f25062f) revision 7841951'; Using compiler version '192528614'; Build Type 'Release'
OS: 'Windows 10 Home; OS build 22621.1105; Version 2009; 64bit' Language: 'tr' Physical Memory: 8044 MB
BatchMode: 1, IsHumanControllingUs: 0, StartBugReporterOnCrash: 0, Is64bit: 1, IsPro: 0

 COMMAND LINE ARGUMENTS:
C:\Program Files\Unity\Hub\Editor\2020.3.1f1\Editor\Unity.exe
-adb2
-batchMode
-noUpm
-name
AssetImportWorker0
-projectPath
C:/Users/asus/Unity projelerim/factory
-logFile
Logs/AssetImportWorker0.log
-srvPort
63535
Successfully changed project path to: C:/Users/asus/Unity projelerim/factory
C:/Users/asus/Unity projelerim/factory
Using Asset Import Pipeline V2.
Refreshing native plugins compatible for Editor in 22.05 ms, found 0 plugins.
Preloading 0 native plugins for Editor in 0.00 ms.
Initialize engine version: 2020.3.1f1 (77a89f25062f)
[Subsystems] Discovering subsystems at path C:/Program Files/Unity/Hub/Editor/2020.3.1f1/Editor/Data/Resources/UnitySubsystems
[Subsystems] Discovering subsystems at path C:/Users/asus/Unity projelerim/factory/Assets
GfxDevice: creating device client; threaded=0
Direct3D:
    Version:  Direct3D 11.0 [level 11.1]
    Renderer: NVIDIA GeForce GTX 1050 (ID=0x1c92)
    Vendor:   
    VRAM:     4021 MB
    Driver:   30.0.15.1278
Initialize mono
Mono path[0] = 'C:/Program Files/Unity/Hub/Editor/2020.3.1f1/Editor/Data/Managed'
Mono path[1] = 'C:/Program Files/Unity/Hub/Editor/2020.3.1f1/Editor/Data/MonoBleedingEdge/lib/mono/unityjit'
Mono config path = 'C:/Program Files/Unity/Hub/Editor/2020.3.1f1/Editor/Data/MonoBleedingEdge/etc'
Using monoOptions --debugger-agent=transport=dt_socket,embedding=1,server=y,suspend=n,address=127.0.0.1:56680
Begin MonoManager ReloadAssembly
Registering precompiled unity dll's ...
Register platform support module: C:/Program Files/Unity/Hub/Editor/2020.3.1f1/Editor/Data/PlaybackEngines/WebGLSupport/UnityEditor.WebGL.Extensions.dll
Register platform support module: C:/Program Files/Unity/Hub/Editor/2020.3.1f1/Editor/Data/PlaybackEngines/WindowsStandaloneSupport/UnityEditor.WindowsStandalone.Extensions.dll
Registered in 0.002121 seconds.
Native extension for WindowsStandalone target not found
Native extension for WebGL target not found
Refreshing native plugins compatible for Editor in 22.87 ms, found 0 plugins.
Preloading 0 native plugins for Editor in 0.00 ms.
Invoked RoslynAnalysisRunner static constructor.
RoslynAnalysisRunner will not be running.
RoslynAnalysisRunner has terminated.
Mono: successfully reloaded assembly
- Completed reload, in  1.429 seconds
Platform modules already initialized, skipping
Registering precompiled user dll's ...
Registered in 0.000850 seconds.
Begin MonoManager ReloadAssembly
Native extension for WindowsStandalone target not found
Native extension for WebGL target not found
Refreshing native plugins compatible for Editor in 0.25 ms, found 0 plugins.
Preloading 0 native plugins for Editor in 0.00 ms.
Invoked RoslynAnalysisRunner static constructor.
RoslynAnalysisRunner will not be running.
RoslynAnalysisRunner has terminated.
Mono: successfully reloaded assembly
- Completed reload, in  0.921 seconds
Platform modules already initialized, skipping
========================================================================
Worker process is ready to serve import requests
Launched and connected shader compiler UnityShaderCompiler.exe after 0.05 seconds
Refreshing native plugins compatible for Editor in 0.27 ms, found 0 plugins.
Preloading 0 native plugins for Editor in 0.00 ms.
Unloading 1114 Unused Serialized files (Serialized files now loaded: 0)
System memory in use before: 134.4 MB.
System memory in use after: 134.4 MB.

Unloading 10 unused Assets to reduce memory usage. Loaded Objects now: 1574.
Total: 2.646000 ms (FindLiveObjects: 0.232200 ms CreateObjectMapping: 0.064800 ms MarkObjects: 2.232400 ms  DeleteObjects: 0.114700 ms)

========================================================================
Received Prepare
Registering precompiled user dll's ...
Registered in 0.000655 seconds.
Begin MonoManager ReloadAssembly
Native extension for WindowsStandalone target not found
Native extension for WebGL target not found
Refreshing native plugins compatible for Editor in 0.19 ms, found 0 plugins.
Preloading 0 native plugins for Editor in 0.00 ms.
Invoked RoslynAnalysisRunner static constructor.
RoslynAnalysisRunner will not be running.
RoslynAnalysisRunner has terminated.
Mono: successfully reloaded assembly
- Completed reload, in  0.892 seconds
Platform modules already initialized, skipping
Refreshing native plugins compatible for Editor in 0.22 ms, found 0 plugins.
Preloading 0 native plugins for Editor in 0.00 ms.
Unloading 1109 Unused Serialized files (Serialized files now loaded: 0)
System memory in use before: 134.3 MB.
System memory in use after: 134.4 MB.

Unloading 5 unused Assets to reduce memory usage. Loaded Objects now: 1577.
Total: 2.944200 ms (FindLiveObjects: 0.186400 ms CreateObjectMapping: 0.042900 ms MarkObjects: 2.634200 ms  DeleteObjects: 0.079200 ms)

========================================================================
Received Import Request.
  path: Assets/Scripts/EnemyScript.cs
  artifactKey: Guid(67dfd40ec2c09f541bad1454cec3a941) Importer(815301076,1909f56bfc062723c751e8b465ee728b)
Start importing Assets/Scripts/EnemyScript.cs using Guid(67dfd40ec2c09f541bad1454cec3a941) Importer(815301076,1909f56bfc062723c751e8b465ee728b)  -> (artifact id: '8f80e7994396018e497bc2aee168be8e') in 0.054659 seconds
  Import took 0.061181 seconds .

========================================================================
Received Import Request.
  Time since last request: 0.003183 seconds.
  path: Assets/Scripts/EnemyScript.cs
  artifactKey: Guid(67dfd40ec2c09f541bad1454cec3a941) Importer(815301076,1909f56bfc062723c751e8b465ee728b)
Start importing Assets/Scripts/EnemyScript.cs using Guid(67dfd40ec2c09f541bad1454cec3a941) Importer(815301076,1909f56bfc062723c751e8b465ee728b)  -> (artifact id: '8f80e7994396018e497bc2aee168be8e') in 0.003157 seconds
  Import took 0.007334 seconds .

========================================================================
Received Prepare
Registering precompiled user dll's ...
Registered in 0.000827 seconds.
Begin MonoManager ReloadAssembly
Native extension for WindowsStandalone target not found
Native extension for WebGL target not found
Refreshing native plugins compatible for Editor in 1.01 ms, found 0 plugins.
Preloading 0 native plugins for Editor in 0.00 ms.
Invoked RoslynAnalysisRunner static constructor.
RoslynAnalysisRunner will not be running.
RoslynAnalysisRunner has terminated.
Mono: successfully reloaded assembly
- Completed reload, in  1.535 seconds
Platform modules already initialized, skipping
Refreshing native plugins compatible for Editor in 0.59 ms, found 0 plugins.
Preloading 0 native plugins for Editor in 0.00 ms.
Unloading 1110 Unused Serialized files (Serialized files now loaded: 0)
System memory in use before: 134.4 MB.
System memory in use after: 134.5 MB.

Unloading 5 unused Assets to reduce memory usage. Loaded Objects now: 1581.
Total: 3.231500 ms (FindLiveObjects: 0.759500 ms CreateObjectMapping: 0.197500 ms MarkObjects: 2.143900 ms  DeleteObjects: 0.125600 ms)

========================================================================
Received Prepare
Registering precompiled user dll's ...
Registered in 0.001055 seconds.
Begin MonoManager ReloadAssembly
Native extension for WindowsStandalone target not found
Native extension for WebGL target not found
Refreshing native plugins compatible for Editor in 0.24 ms, found 0 plugins.
Preloading 0 native plugins for Editor in 0.00 ms.
Invoked RoslynAnalysisRunner static constructor.
RoslynAnalysisRunner will not be running.
RoslynAnalysisRunner has terminated.
Mono: successfully reloaded assembly
- Completed reload, in  0.852 seconds
Platform modules already initialized, skipping
Refreshing native plugins compatible for Editor in 0.34 ms, found 0 plugins.
Preloading 0 native plugins for Editor in 0.00 ms.
Unloading 1110 Unused Serialized files (Serialized files now loaded: 0)
System memory in use before: 134.4 MB.
System memory in use after: 134.5 MB.

Unloading 5 unused Assets to reduce memory usage. Loaded Objects now: 1584.
Total: 2.418200 ms (FindLiveObjects: 0.326100 ms CreateObjectMapping: 0.132300 ms MarkObjects: 1.874800 ms  DeleteObjects: 0.082400 ms)

========================================================================
Received Import Request.
  Time since last request: 183.821953 seconds.
  path: Assets/Scripts/EnemyScript.cs
  artifactKey: Guid(67dfd40ec2c09f541bad1454cec3a941) Importer(815301076,1909f56bfc062723c751e8b465ee728b)
Start importing Assets/Scripts/EnemyScript.cs using Guid(67dfd40ec2c09f541bad1454cec3a941) Importer(815301076,1909f56bfc062723c751e8b465ee728b)  -> (artifact id: '2cbd5d54257b3a1edfbec9dd546aca20') in 0.008031 seconds
  Import took 0.013418 seconds .

========================================================================
Received Prepare
Registering precompiled user dll's ...
Registered in 0.000856 seconds.
Begin MonoManager ReloadAssembly
Native extension for WindowsStandalone target not found
Native extension for WebGL target not found
Refreshing native plugins compatible for Editor in 0.25 ms, found 0 plugins.
Preloading 0 native plugins for Editor in 0.00 ms.
Invoked RoslynAnalysisRunner static constructor.
RoslynAnalysisRunner will not be running.
RoslynAnalysisRunner has terminated.
Mono: successfully reloaded assembly
- Completed reload, in  0.786 seconds
Platform modules already initialized, skipping
Refreshing native plugins compatible for Editor in 0.20 ms, found 0 plugins.
Preloading 0 native plugins for Editor in 0.00 ms.
Unloading 1110 Unused Serialized files (Serialized files now loaded: 0)
System memory in use before: 134.5 MB.
System memory in use after: 134.5 MB.

Unloading 5 unused Assets to reduce memory usage. Loaded Objects now: 1587.
Total: 1.945400 ms (FindLiveObjects: 0.142300 ms CreateObjectMapping: 0.063600 ms MarkObjects: 1.644100 ms  DeleteObjects: 0.094300 ms)

========================================================================
Received Import Request.
  Time since last request: 83.348035 seconds.
  path: Assets/enemy.prefab
  artifactKey: Guid(72eae0ed7a3db334ca9209c4199b7d42) Importer(815301076,1909f56bfc062723c751e8b465ee728b)
Start importing Assets/enemy.prefab using Guid(72eae0ed7a3db334ca9209c4199b7d42) Importer(815301076,1909f56bfc062723c751e8b465ee728b)  -> (artifact id: '56dfb7d9562f2efecf1192131f9090dc') in 0.114765 seconds
  Import took 0.117568 seconds .

========================================================================
Received Import Request.
  Time since last request: 0.009161 seconds.
  path: Assets/enemy.prefab
  artifactKey: Guid(72eae0ed7a3db334ca9209c4199b7d42) Importer(815301076,1909f56bfc062723c751e8b465ee728b)
Start importing Assets/enemy.prefab using Guid(72eae0ed7a3db334ca9209c4199b7d42) Importer(815301076,1909f56bfc062723c751e8b465ee728b)  -> (artifact id: '56dfb7d9562f2efecf1192131f9090dc') in 0.010605 seconds
  Import took 0.012896 seconds .

========================================================================
Received Import Request.
  Time since last request: 232.563468 seconds.
  path: Assets/Materials/New Material 2.mat
  artifactKey: Guid(d502b85d007f0564b9f1b358aa66c747) Importer(815301076,1909f56bfc062723c751e8b465ee728b)
Start importing Assets/Materials/New Material 2.mat using Guid(d502b85d007f0564b9f1b358aa66c747) Importer(815301076,1909f56bfc062723c751e8b465ee728b)  -> (artifact id: '7b3d2bf7e7eba61ddade522a60b6e38a') in 0.036832 seconds
  Import took 0.039693 seconds .

========================================================================
Received Import Request.
  Time since last request: 0.000372 seconds.
  path: Assets/Materials/New Material 4.mat
  artifactKey: Guid(c9154429162c3444a807fe279d4d4a72) Importer(815301076,1909f56bfc062723c751e8b465ee728b)
Start importing Assets/Materials/New Material 4.mat using Guid(c9154429162c3444a807fe279d4d4a72) Importer(815301076,1909f56bfc062723c751e8b465ee728b)  -> (artifact id: 'cf6c37932297111542ce9d50ffb7f1e7') in 0.014664 seconds
  Import took 0.017726 seconds .

========================================================================
Received Import Request.
  Time since last request: 0.000362 seconds.
  path: Assets/Materials/New Material 3.mat
  artifactKey: Guid(a73629892ce273940aa692e088dae494) Importer(815301076,1909f56bfc062723c751e8b465ee728b)
Start importing Assets/Materials/New Material 3.mat using Guid(a73629892ce273940aa692e088dae494) Importer(815301076,1909f56bfc062723c751e8b465ee728b)  -> (artifact id: '7931ac80a17a4950f045a03e4c5ae293') in 0.025149 seconds
  Import took 0.028881 seconds .

========================================================================
Received Import Request.
  Time since last request: 4.194545 seconds.
  path: Assets/Materials/Materials
  artifactKey: Guid(c2c07b833208d384b86169971fbd1bf0) Importer(815301076,1909f56bfc062723c751e8b465ee728b)
Start importing Assets/Materials/Materials using Guid(c2c07b833208d384b86169971fbd1bf0) Importer(815301076,1909f56bfc062723c751e8b465ee728b)  -> (artifact id: 'dab314537a057f3e663182fb44007cb4') in 0.011163 seconds
  Import took 0.014569 seconds .

========================================================================
Received Import Request.
  Time since last request: 0.077939 seconds.
  path: Assets/Materials/Materials/texture.mat
  artifactKey: Guid(8b1bd47e35194534a9134b43df5554e3) Importer(815301076,1909f56bfc062723c751e8b465ee728b)
Start importing Assets/Materials/Materials/texture.mat using Guid(8b1bd47e35194534a9134b43df5554e3) Importer(815301076,1909f56bfc062723c751e8b465ee728b)  -> (artifact id: '1af497dd242cc8f08069955858508643') in 0.021873 seconds
  Import took 0.025226 seconds .

========================================================================
Received Import Request.
  Time since last request: 9.008865 seconds.
  path: Assets/Materials/New Material 5.mat
  artifactKey: Guid(7ecf0206600abd04abd922cf9c3e41f1) Importer(815301076,1909f56bfc062723c751e8b465ee728b)
Start importing Assets/Materials/New Material 5.mat using Guid(7ecf0206600abd04abd922cf9c3e41f1) Importer(815301076,1909f56bfc062723c751e8b465ee728b)  -> (artifact id: '03f64c7486b331f2676e7f58fdbcee72') in 0.017942 seconds
  Import took 0.023871 seconds .

========================================================================
Received Import Request.
  Time since last request: 186.540420 seconds.
  path: Assets/Free Snowy Mountain - Game Ready
  artifactKey: Guid(609bf663b6299084db45d24ed1a90541) Importer(815301076,1909f56bfc062723c751e8b465ee728b)
Start importing Assets/Free Snowy Mountain - Game Ready using Guid(609bf663b6299084db45d24ed1a90541) Importer(815301076,1909f56bfc062723c751e8b465ee728b)  -> (artifact id: '42ea0a8070110c2878dd1c0f0093934f') in 0.009612 seconds
  Import took 0.014967 seconds .

========================================================================
Received Prepare
Registering precompiled user dll's ...
Registered in 0.000668 seconds.
Begin MonoManager ReloadAssembly
Native extension for WindowsStandalone target not found
Native extension for WebGL target not found
Refreshing native plugins compatible for Editor in 0.20 ms, found 0 plugins.
Preloading 0 native plugins for Editor in 0.00 ms.
Invoked RoslynAnalysisRunner static constructor.
RoslynAnalysisRunner will not be running.
RoslynAnalysisRunner has terminated.
Mono: successfully reloaded assembly
- Completed reload, in  0.776 seconds
Platform modules already initialized, skipping
Refreshing native plugins compatible for Editor in 0.23 ms, found 0 plugins.
Preloading 0 native plugins for Editor in 0.00 ms.
Unloading 1110 Unused Serialized files (Serialized files now loaded: 0)
System memory in use before: 137.8 MB.
System memory in use after: 137.9 MB.

Unloading 6 unused Assets to reduce memory usage. Loaded Objects now: 1631.
Total: 2.186000 ms (FindLiveObjects: 0.373100 ms CreateObjectMapping: 0.098300 ms MarkObjects: 1.633200 ms  DeleteObjects: 0.080300 ms)

========================================================================
Received Import Request.
  Time since last request: 2092.285534 seconds.
  path: Assets/Scripts/playerscript.cs
  artifactKey: Guid(c9a89cfa0b0b7ac49b00e969f0d10bf8) Importer(815301076,1909f56bfc062723c751e8b465ee728b)
Start importing Assets/Scripts/playerscript.cs using Guid(c9a89cfa0b0b7ac49b00e969f0d10bf8) Importer(815301076,1909f56bfc062723c751e8b465ee728b)  -> (artifact id: '3c4663ad60cd9b7091d51a37c336cc78') in 0.012315 seconds
  Import took 0.016019 seconds .

========================================================================
Received Prepare
Registering precompiled user dll's ...
Registered in 0.000676 seconds.
Begin MonoManager ReloadAssembly
Native extension for WindowsStandalone target not found
Native extension for WebGL target not found
Refreshing native plugins compatible for Editor in 0.87 ms, found 0 plugins.
Preloading 0 native plugins for Editor in 0.00 ms.
Invoked RoslynAnalysisRunner static constructor.
RoslynAnalysisRunner will not be running.
RoslynAnalysisRunner has terminated.
Mono: successfully reloaded assembly
- Completed reload, in  2.206 seconds
Platform modules already initialized, skipping
Refreshing native plugins compatible for Editor in 0.27 ms, found 0 plugins.
Preloading 0 native plugins for Editor in 0.00 ms.
Unloading 1110 Unused Serialized files (Serialized files now loaded: 0)
System memory in use before: 137.8 MB.
System memory in use after: 137.9 MB.

Unloading 5 unused Assets to reduce memory usage. Loaded Objects now: 1634.
Total: 2.754600 ms (FindLiveObjects: 0.368300 ms CreateObjectMapping: 0.127400 ms MarkObjects: 2.163800 ms  DeleteObjects: 0.093100 ms)

========================================================================
Received Prepare
Registering precompiled user dll's ...
Registered in 0.001062 seconds.
Begin MonoManager ReloadAssembly
Native extension for WindowsStandalone target not found
Native extension for WebGL target not found
Refreshing native plugins compatible for Editor in 0.25 ms, found 0 plugins.
Preloading 0 native plugins for Editor in 0.00 ms.
Invoked RoslynAnalysisRunner static constructor.
RoslynAnalysisRunner will not be running.
RoslynAnalysisRunner has terminated.
Mono: successfully reloaded assembly
- Completed reload, in  1.045 seconds
Platform modules already initialized, skipping
Refreshing native plugins compatible for Editor in 0.22 ms, found 0 plugins.
Preloading 0 native plugins for Editor in 0.00 ms.
Unloading 1110 Unused Serialized files (Serialized files now loaded: 0)
System memory in use before: 137.8 MB.
System memory in use after: 137.9 MB.

Unloading 5 unused Assets to reduce memory usage. Loaded Objects now: 1637.
Total: 1.997200 ms (FindLiveObjects: 0.228000 ms CreateObjectMapping: 0.099200 ms MarkObjects: 1.592400 ms  DeleteObjects: 0.075900 ms)

========================================================================
Received Prepare
Registering precompiled user dll's ...
Registered in 0.000579 seconds.
Begin MonoManager ReloadAssembly
Native extension for WindowsStandalone target not found
Native extension for WebGL target not found
Refreshing native plugins compatible for Editor in 0.24 ms, found 0 plugins.
Preloading 0 native plugins for Editor in 0.00 ms.
Invoked RoslynAnalysisRunner static constructor.
RoslynAnalysisRunner will not be running.
RoslynAnalysisRunner has terminated.
Mono: successfully reloaded assembly
- Completed reload, in  0.843 seconds
Platform modules already initialized, skipping
Refreshing native plugins compatible for Editor in 0.21 ms, found 0 plugins.
Preloading 0 native plugins for Editor in 0.00 ms.
Unloading 1111 Unused Serialized files (Serialized files now loaded: 0)
System memory in use before: 137.9 MB.
System memory in use after: 137.9 MB.

Unloading 5 unused Assets to reduce memory usage. Loaded Objects now: 1641.
Total: 2.126300 ms (FindLiveObjects: 0.252900 ms CreateObjectMapping: 0.049100 ms MarkObjects: 1.744600 ms  DeleteObjects: 0.077400 ms)

========================================================================
Received Import Request.
  Time since last request: 1055.075954 seconds.
  path: Assets/Scripts/GameController.cs
  artifactKey: Guid(e802450305054b242b807403d97148aa) Importer(815301076,1909f56bfc062723c751e8b465ee728b)
Start importing Assets/Scripts/GameController.cs using Guid(e802450305054b242b807403d97148aa) Importer(815301076,1909f56bfc062723c751e8b465ee728b)  -> (artifact id: '285604c8524934d9d9690cf9ff779bae') in 0.009580 seconds
  Import took 0.013595 seconds .

========================================================================
Received Prepare
Registering precompiled user dll's ...
Registered in 0.000856 seconds.
Begin MonoManager ReloadAssembly
Native extension for WindowsStandalone target not found
Native extension for WebGL target not found
Refreshing native plugins compatible for Editor in 0.21 ms, found 0 plugins.
Preloading 0 native plugins for Editor in 0.00 ms.
Invoked RoslynAnalysisRunner static constructor.
RoslynAnalysisRunner will not be running.
RoslynAnalysisRunner has terminated.
Mono: successfully reloaded assembly
- Completed reload, in  0.883 seconds
Platform modules already initialized, skipping
Refreshing native plugins compatible for Editor in 0.21 ms, found 0 plugins.
Preloading 0 native plugins for Editor in 0.01 ms.
Unloading 1111 Unused Serialized files (Serialized files now loaded: 0)
System memory in use before: 137.9 MB.
System memory in use after: 137.9 MB.

Unloading 5 unused Assets to reduce memory usage. Loaded Objects now: 1644.
Total: 2.292800 ms (FindLiveObjects: 0.327500 ms CreateObjectMapping: 0.060800 ms MarkObjects: 1.783400 ms  DeleteObjects: 0.119400 ms)

========================================================================
Received Import Request.
  Time since last request: 136.832321 seconds.
  path: ProjectSettings/TagManager.asset
  artifactKey: Guid(00000000000000003000000000000000) Importer(815301076,1909f56bfc062723c751e8b465ee728b)
Start importing ProjectSettings/TagManager.asset using Guid(00000000000000003000000000000000) Importer(815301076,1909f56bfc062723c751e8b465ee728b)  -> (artifact id: 'fb4e81f21ffe91e29eb70376464aca18') in 0.025211 seconds
  Import took 0.027852 seconds .

========================================================================
Received Prepare
Registering precompiled user dll's ...
Registered in 0.000670 seconds.
Begin MonoManager ReloadAssembly
Native extension for WindowsStandalone target not found
Native extension for WebGL target not found
Refreshing native plugins compatible for Editor in 0.25 ms, found 0 plugins.
Preloading 0 native plugins for Editor in 0.00 ms.
Invoked RoslynAnalysisRunner static constructor.
RoslynAnalysisRunner will not be running.
RoslynAnalysisRunner has terminated.
Mono: successfully reloaded assembly
- Completed reload, in  0.832 seconds
Platform modules already initialized, skipping
Refreshing native plugins compatible for Editor in 0.25 ms, found 0 plugins.
Preloading 0 native plugins for Editor in 0.00 ms.
Unloading 1111 Unused Serialized files (Serialized files now loaded: 0)
System memory in use before: 137.9 MB.
System memory in use after: 138.0 MB.

Unloading 6 unused Assets to reduce memory usage. Loaded Objects now: 1647.
Total: 2.019000 ms (FindLiveObjects: 0.154000 ms CreateObjectMapping: 0.031400 ms MarkObjects: 1.756700 ms  DeleteObjects: 0.075600 ms)

========================================================================
Received Import Request.
  Time since last request: 55.709778 seconds.
  path: Assets/Scripts/GameController.cs
  artifactKey: Guid(e802450305054b242b807403d97148aa) Importer(815301076,1909f56bfc062723c751e8b465ee728b)
Start importing Assets/Scripts/GameController.cs using Guid(e802450305054b242b807403d97148aa) Importer(815301076,1909f56bfc062723c751e8b465ee728b)  -> (artifact id: '37ae3aa9e2dc8b3ad70bf44b3abdb3be') in 0.004252 seconds
  Import took 0.006921 seconds .

========================================================================
Received Prepare
Registering precompiled user dll's ...
Registered in 0.002586 seconds.
Begin MonoManager ReloadAssembly
Native extension for WindowsStandalone target not found
Native extension for WebGL target not found
Refreshing native plugins compatible for Editor in 0.20 ms, found 0 plugins.
Preloading 0 native plugins for Editor in 0.00 ms.
Invoked RoslynAnalysisRunner static constructor.
RoslynAnalysisRunner will not be running.
RoslynAnalysisRunner has terminated.
Mono: successfully reloaded assembly
- Completed reload, in  0.797 seconds
Platform modules already initialized, skipping
Refreshing native plugins compatible for Editor in 0.21 ms, found 0 plugins.
Preloading 0 native plugins for Editor in 0.00 ms.
Unloading 1111 Unused Serialized files (Serialized files now loaded: 0)
System memory in use before: 137.9 MB.
System memory in use after: 138.0 MB.

Unloading 5 unused Assets to reduce memory usage. Loaded Objects now: 1650.
Total: 2.215900 ms (FindLiveObjects: 0.368200 ms CreateObjectMapping: 0.083900 ms MarkObjects: 1.658500 ms  DeleteObjects: 0.101900 ms)

========================================================================
Received Prepare
Registering precompiled user dll's ...
Registered in 0.000691 seconds.
Begin MonoManager ReloadAssembly
Native extension for WindowsStandalone target not found
Native extension for WebGL target not found
Refreshing native plugins compatible for Editor in 0.23 ms, found 0 plugins.
Preloading 0 native plugins for Editor in 0.00 ms.
Invoked RoslynAnalysisRunner static constructor.
RoslynAnalysisRunner will not be running.
RoslynAnalysisRunner has terminated.
Mono: successfully reloaded assembly
- Completed reload, in  0.858 seconds
Platform modules already initialized, skipping
Refreshing native plugins compatible for Editor in 0.23 ms, found 0 plugins.
Preloading 0 native plugins for Editor in 0.00 ms.
Unloading 1111 Unused Serialized files (Serialized files now loaded: 0)
System memory in use before: 137.9 MB.
System memory in use after: 138.0 MB.

Unloading 5 unused Assets to reduce memory usage. Loaded Objects now: 1653.
Total: 2.147900 ms (FindLiveObjects: 0.213300 ms CreateObjectMapping: 0.040100 ms MarkObjects: 1.815300 ms  DeleteObjects: 0.077500 ms)

========================================================================
Received Import Request.
  Time since last request: 188.067453 seconds.
  path: Assets/Scripts/GameController.cs
  artifactKey: Guid(e802450305054b242b807403d97148aa) Importer(815301076,1909f56bfc062723c751e8b465ee728b)
Start importing Assets/Scripts/GameController.cs using Guid(e802450305054b242b807403d97148aa) Importer(815301076,1909f56bfc062723c751e8b465ee728b)  -> (artifact id: '02e30ba1b71a1d015ad97a036593477b') in 0.005205 seconds
  Import took 0.007650 seconds .

========================================================================
Received Prepare
Registering precompiled user dll's ...
Registered in 0.000848 seconds.
Begin MonoManager ReloadAssembly
Native extension for WindowsStandalone target not found
Native extension for WebGL target not found
Refreshing native plugins compatible for Editor in 0.20 ms, found 0 plugins.
Preloading 0 native plugins for Editor in 0.00 ms.
Invoked RoslynAnalysisRunner static constructor.
RoslynAnalysisRunner will not be running.
RoslynAnalysisRunner has terminated.
Mono: successfully reloaded assembly
- Completed reload, in  0.807 seconds
Platform modules already initialized, skipping
Refreshing native plugins compatible for Editor in 0.22 ms, found 0 plugins.
Preloading 0 native plugins for Editor in 0.00 ms.
Unloading 1111 Unused Serialized files (Serialized files now loaded: 0)
System memory in use before: 137.9 MB.
System memory in use after: 138.0 MB.

Unloading 5 unused Assets to reduce memory usage. Loaded Objects now: 1656.
Total: 2.287500 ms (FindLiveObjects: 0.162500 ms CreateObjectMapping: 0.031000 ms MarkObjects: 2.016700 ms  DeleteObjects: 0.076000 ms)

========================================================================
Received Import Request.
  Time since last request: 174.554968 seconds.
  path: Assets/Scripts/GameController.cs
  artifactKey: Guid(e802450305054b242b807403d97148aa) Importer(815301076,1909f56bfc062723c751e8b465ee728b)
Start importing Assets/Scripts/GameController.cs using Guid(e802450305054b242b807403d97148aa) Importer(815301076,1909f56bfc062723c751e8b465ee728b)  -> (artifact id: 'e7913d85b70461523c9a17d18ce5f428') in 0.005838 seconds
  Import took 0.010462 seconds .

========================================================================
Received Prepare
Registering precompiled user dll's ...
Registered in 0.000694 seconds.
Begin MonoManager ReloadAssembly
Native extension for WindowsStandalone target not found
Native extension for WebGL target not found
Refreshing native plugins compatible for Editor in 0.23 ms, found 0 plugins.
Preloading 0 native plugins for Editor in 0.00 ms.
Invoked RoslynAnalysisRunner static constructor.
RoslynAnalysisRunner will not be running.
RoslynAnalysisRunner has terminated.
Mono: successfully reloaded assembly
- Completed reload, in  0.931 seconds
Platform modules already initialized, skipping
Refreshing native plugins compatible for Editor in 0.20 ms, found 0 plugins.
Preloading 0 native plugins for Editor in 0.00 ms.
Unloading 1111 Unused Serialized files (Serialized files now loaded: 0)
System memory in use before: 137.9 MB.
System memory in use after: 138.0 MB.

Unloading 5 unused Assets to reduce memory usage. Loaded Objects now: 1659.
Total: 2.016200 ms (FindLiveObjects: 0.148600 ms CreateObjectMapping: 0.032200 ms MarkObjects: 1.758900 ms  DeleteObjects: 0.074800 ms)

========================================================================
Received Import Request.
  Time since last request: 90.823901 seconds.
  path: Assets/Scripts/GameController.cs
  artifactKey: Guid(e802450305054b242b807403d97148aa) Importer(815301076,1909f56bfc062723c751e8b465ee728b)
Start importing Assets/Scripts/GameController.cs using Guid(e802450305054b242b807403d97148aa) Importer(815301076,1909f56bfc062723c751e8b465ee728b)  -> (artifact id: '46af87a99ec55608d13ba446c1a1e1a0') in 0.004423 seconds
  Import took 0.008241 seconds .

========================================================================
Received Prepare
Registering precompiled user dll's ...
Registered in 0.000712 seconds.
Begin MonoManager ReloadAssembly
Native extension for WindowsStandalone target not found
Native extension for WebGL target not found
Refreshing native plugins compatible for Editor in 0.25 ms, found 0 plugins.
Preloading 0 native plugins for Editor in 0.00 ms.
Invoked RoslynAnalysisRunner static constructor.
RoslynAnalysisRunner will not be running.
RoslynAnalysisRunner has terminated.
Mono: successfully reloaded assembly
- Completed reload, in  1.083 seconds
Platform modules already initialized, skipping
Refreshing native plugins compatible for Editor in 0.46 ms, found 0 plugins.
Preloading 0 native plugins for Editor in 0.00 ms.
Unloading 1111 Unused Serialized files (Serialized files now loaded: 0)
System memory in use before: 137.9 MB.
System memory in use after: 138.0 MB.

Unloading 5 unused Assets to reduce memory usage. Loaded Objects now: 1662.
Total: 3.397600 ms (FindLiveObjects: 0.828200 ms CreateObjectMapping: 0.132000 ms MarkObjects: 2.303900 ms  DeleteObjects: 0.130700 ms)

========================================================================
Received Import Request.
  Time since last request: 107.652289 seconds.
  path: Assets/Materials/New Material 1.mat
  artifactKey: Guid(fceaead5d2b8c1c4c8bf985a751f85a0) Importer(815301076,1909f56bfc062723c751e8b465ee728b)
Start importing Assets/Materials/New Material 1.mat using Guid(fceaead5d2b8c1c4c8bf985a751f85a0) Importer(815301076,1909f56bfc062723c751e8b465ee728b)  -> (artifact id: 'a4bd1a7b9b74a6c3123313f605f9cec8') in 0.073943 seconds
  Import took 0.077109 seconds .

========================================================================
Received Import Request.
  Time since last request: 0.000380 seconds.
  path: Assets/Materials/New Material 5.mat
  artifactKey: Guid(7ecf0206600abd04abd922cf9c3e41f1) Importer(815301076,1909f56bfc062723c751e8b465ee728b)
Start importing Assets/Materials/New Material 5.mat using Guid(7ecf0206600abd04abd922cf9c3e41f1) Importer(815301076,1909f56bfc062723c751e8b465ee728b)  -> (artifact id: '7c3bb9a62e5eb37e80a2f022f1351467') in 0.014901 seconds
  Import took 0.017805 seconds .

========================================================================
Received Prepare
Registering precompiled user dll's ...
Registered in 0.000752 seconds.
Begin MonoManager ReloadAssembly
Native extension for WindowsStandalone target not found
Native extension for WebGL target not found
Refreshing native plugins compatible for Editor in 0.25 ms, found 0 plugins.
Preloading 0 native plugins for Editor in 0.00 ms.
Invoked RoslynAnalysisRunner static constructor.
RoslynAnalysisRunner will not be running.
RoslynAnalysisRunner has terminated.
Mono: successfully reloaded assembly
- Completed reload, in  0.841 seconds
Platform modules already initialized, skipping
Refreshing native plugins compatible for Editor in 0.20 ms, found 0 plugins.
Preloading 0 native plugins for Editor in 0.00 ms.
Unloading 1111 Unused Serialized files (Serialized files now loaded: 0)
System memory in use before: 137.9 MB.
System memory in use after: 138.0 MB.

Unloading 5 unused Assets to reduce memory usage. Loaded Objects now: 1666.
Total: 2.368400 ms (FindLiveObjects: 0.155700 ms CreateObjectMapping: 0.038100 ms MarkObjects: 2.094200 ms  DeleteObjects: 0.079200 ms)

========================================================================
Received Prepare
Registering precompiled user dll's ...
Registered in 0.000654 seconds.
Begin MonoManager ReloadAssembly
Native extension for WindowsStandalone target not found
Native extension for WebGL target not found
Refreshing native plugins compatible for Editor in 0.23 ms, found 0 plugins.
Preloading 0 native plugins for Editor in 0.00 ms.
Invoked RoslynAnalysisRunner static constructor.
RoslynAnalysisRunner will not be running.
RoslynAnalysisRunner has terminated.
Mono: successfully reloaded assembly
- Completed reload, in  0.805 seconds
Platform modules already initialized, skipping
Refreshing native plugins compatible for Editor in 0.27 ms, found 0 plugins.
Preloading 0 native plugins for Editor in 0.00 ms.
Unloading 1111 Unused Serialized files (Serialized files now loaded: 0)
System memory in use before: 137.9 MB.
System memory in use after: 138.0 MB.

Unloading 5 unused Assets to reduce memory usage. Loaded Objects now: 1669.
Total: 2.700500 ms (FindLiveObjects: 0.247600 ms CreateObjectMapping: 0.076600 ms MarkObjects: 2.237400 ms  DeleteObjects: 0.136600 ms)

========================================================================
Received Import Request.
  Time since last request: 161.586125 seconds.
  path: Assets/Scripts/playerscript.cs
  artifactKey: Guid(c9a89cfa0b0b7ac49b00e969f0d10bf8) Importer(815301076,1909f56bfc062723c751e8b465ee728b)
Start importing Assets/Scripts/playerscript.cs using Guid(c9a89cfa0b0b7ac49b00e969f0d10bf8) Importer(815301076,1909f56bfc062723c751e8b465ee728b)  -> (artifact id: '91b6c88c07d92d281aac820e5f8ebeeb') in 0.009899 seconds
  Import took 0.015041 seconds .

========================================================================
Received Import Request.
  Time since last request: 0.636191 seconds.
  path: Assets/Scripts/EnemyScript.cs
  artifactKey: Guid(67dfd40ec2c09f541bad1454cec3a941) Importer(815301076,1909f56bfc062723c751e8b465ee728b)
Start importing Assets/Scripts/EnemyScript.cs using Guid(67dfd40ec2c09f541bad1454cec3a941) Importer(815301076,1909f56bfc062723c751e8b465ee728b)  -> (artifact id: '0808e7f28f83f084b02db7bec8edb078') in 0.010824 seconds
  Import took 0.015969 seconds .

========================================================================
Received Import Request.
  Time since last request: 0.393345 seconds.
  path: Assets/Scripts/GameController.cs
  artifactKey: Guid(e802450305054b242b807403d97148aa) Importer(815301076,1909f56bfc062723c751e8b465ee728b)
Start importing Assets/Scripts/GameController.cs using Guid(e802450305054b242b807403d97148aa) Importer(815301076,1909f56bfc062723c751e8b465ee728b)  -> (artifact id: '7376910911d0c9bcd0d55e4547c11e84') in 0.002759 seconds
  Import took 0.007935 seconds .

========================================================================
Received Import Request.
  Time since last request: 0.001020 seconds.
  path: Assets/Scripts/GameController.cs
  artifactKey: Guid(e802450305054b242b807403d97148aa) Importer(815301076,1909f56bfc062723c751e8b465ee728b)
Start importing Assets/Scripts/GameController.cs using Guid(e802450305054b242b807403d97148aa) Importer(815301076,1909f56bfc062723c751e8b465ee728b)  -> (artifact id: '7376910911d0c9bcd0d55e4547c11e84') in 0.003374 seconds
  Import took 0.006546 seconds .

========================================================================
Received Import Request.
  Time since last request: 127.247221 seconds.
  path: Assets/Scripts/playerscript.cs
  artifactKey: Guid(c9a89cfa0b0b7ac49b00e969f0d10bf8) Importer(815301076,1909f56bfc062723c751e8b465ee728b)
Start importing Assets/Scripts/playerscript.cs using Guid(c9a89cfa0b0b7ac49b00e969f0d10bf8) Importer(815301076,1909f56bfc062723c751e8b465ee728b)  -> (artifact id: '856e406fa579718d2bb93430cce9a129') in 0.003613 seconds
  Import took 0.007965 seconds .

========================================================================
Received Import Request.
  Time since last request: 0.004898 seconds.
  path: Assets/Scripts/playerscript.cs
  artifactKey: Guid(c9a89cfa0b0b7ac49b00e969f0d10bf8) Importer(815301076,1909f56bfc062723c751e8b465ee728b)
Start importing Assets/Scripts/playerscript.cs using Guid(c9a89cfa0b0b7ac49b00e969f0d10bf8) Importer(815301076,1909f56bfc062723c751e8b465ee728b)  -> (artifact id: '856e406fa579718d2bb93430cce9a129') in 0.003220 seconds
  Import took 0.008145 seconds .

========================================================================
Received Import Request.
  Time since last request: 169.876843 seconds.
  path: Assets/Scenes/scenefinal.unity
  artifactKey: Guid(de710f374efebd54084c08f7e99bf0cc) Importer(815301076,1909f56bfc062723c751e8b465ee728b)
Start importing Assets/Scenes/scenefinal.unity using Guid(de710f374efebd54084c08f7e99bf0cc) Importer(815301076,1909f56bfc062723c751e8b465ee728b)  -> (artifact id: '4c421c19a99d80ff58545484b099a5ff') in 0.019672 seconds
  Import took 0.023292 seconds .

========================================================================
Received Import Request.
  Time since last request: 8.667286 seconds.
  path: Assets/Scenes/SampleScene.unity
  artifactKey: Guid(9fc0d4010bbf28b4594072e72b8655ab) Importer(815301076,1909f56bfc062723c751e8b465ee728b)
Start importing Assets/Scenes/SampleScene.unity using Guid(9fc0d4010bbf28b4594072e72b8655ab) Importer(815301076,1909f56bfc062723c751e8b465ee728b)  -> (artifact id: 'dfa463e52d8e8d5876eee11241cfc6d5') in 0.008025 seconds
  Import took 0.012617 seconds .

========================================================================
Received Prepare
Registering precompiled user dll's ...
Registered in 0.000683 seconds.
Begin MonoManager ReloadAssembly
Native extension for WindowsStandalone target not found
Native extension for WebGL target not found
Refreshing native plugins compatible for Editor in 0.21 ms, found 0 plugins.
Preloading 0 native plugins for Editor in 0.00 ms.
Invoked RoslynAnalysisRunner static constructor.
RoslynAnalysisRunner will not be running.
RoslynAnalysisRunner has terminated.
Mono: successfully reloaded assembly
- Completed reload, in  0.935 seconds
Platform modules already initialized, skipping
Refreshing native plugins compatible for Editor in 0.21 ms, found 0 plugins.
Preloading 0 native plugins for Editor in 0.00 ms.
Unloading 1110 Unused Serialized files (Serialized files now loaded: 0)
System memory in use before: 137.9 MB.
System memory in use after: 138.0 MB.

Unloading 6 unused Assets to reduce memory usage. Loaded Objects now: 1671.
Total: 1.952300 ms (FindLiveObjects: 0.198900 ms CreateObjectMapping: 0.036800 ms MarkObjects: 1.638700 ms  DeleteObjects: 0.076300 ms)

========================================================================
Received Prepare
Registering precompiled user dll's ...
Registered in 0.000720 seconds.
Begin MonoManager ReloadAssembly
Native extension for WindowsStandalone target not found
Native extension for WebGL target not found
Refreshing native plugins compatible for Editor in 0.24 ms, found 0 plugins.
Preloading 0 native plugins for Editor in 0.00 ms.
Invoked RoslynAnalysisRunner static constructor.
RoslynAnalysisRunner will not be running.
RoslynAnalysisRunner has terminated.
Mono: successfully reloaded assembly
- Completed reload, in  0.782 seconds
Platform modules already initialized, skipping
Refreshing native plugins compatible for Editor in 0.29 ms, found 0 plugins.
Preloading 0 native plugins for Editor in 0.00 ms.
Unloading 1110 Unused Serialized files (Serialized files now loaded: 0)
System memory in use before: 137.9 MB.
System memory in use after: 138.0 MB.

Unloading 5 unused Assets to reduce memory usage. Loaded Objects now: 1674.
Total: 2.936400 ms (FindLiveObjects: 0.677300 ms CreateObjectMapping: 0.177100 ms MarkObjects: 1.990700 ms  DeleteObjects: 0.089200 ms)

========================================================================
Received Prepare
Registering precompiled user dll's ...
Registered in 0.000575 seconds.
Begin MonoManager ReloadAssembly
Native extension for WindowsStandalone target not found
Native extension for WebGL target not found
Refreshing native plugins compatible for Editor in 0.25 ms, found 0 plugins.
Preloading 0 native plugins for Editor in 0.00 ms.
Invoked RoslynAnalysisRunner static constructor.
RoslynAnalysisRunner will not be running.
RoslynAnalysisRunner has terminated.
Mono: successfully reloaded assembly
- Completed reload, in  0.916 seconds
Platform modules already initialized, skipping
Refreshing native plugins compatible for Editor in 0.18 ms, found 0 plugins.
Preloading 0 native plugins for Editor in 0.00 ms.
Unloading 1111 Unused Serialized files (Serialized files now loaded: 0)
System memory in use before: 138.0 MB.
System memory in use after: 138.0 MB.

Unloading 5 unused Assets to reduce memory usage. Loaded Objects now: 1678.
Total: 2.039600 ms (FindLiveObjects: 0.228800 ms CreateObjectMapping: 0.038000 ms MarkObjects: 1.697200 ms  DeleteObjects: 0.074600 ms)

========================================================================
Received Import Request.
  Time since last request: 638.903565 seconds.
  path: Assets/Scripts/scenescript.cs
  artifactKey: Guid(6c9d550304911d64fae48e35e04d7130) Importer(815301076,1909f56bfc062723c751e8b465ee728b)
Start importing Assets/Scripts/scenescript.cs using Guid(6c9d550304911d64fae48e35e04d7130) Importer(815301076,1909f56bfc062723c751e8b465ee728b)  -> (artifact id: 'd3c351086a97cf3ca55d0c428a5a8235') in 0.008705 seconds
  Import took 0.012796 seconds .

========================================================================
Received Prepare
Registering precompiled user dll's ...
Registered in 0.000648 seconds.
Begin MonoManager ReloadAssembly
Native extension for WindowsStandalone target not found
Native extension for WebGL target not found
Refreshing native plugins compatible for Editor in 0.48 ms, found 0 plugins.
Preloading 0 native plugins for Editor in 0.00 ms.
Invoked RoslynAnalysisRunner static constructor.
RoslynAnalysisRunner will not be running.
RoslynAnalysisRunner has terminated.
Mono: successfully reloaded assembly
- Completed reload, in  0.995 seconds
Platform modules already initialized, skipping
Refreshing native plugins compatible for Editor in 0.48 ms, found 0 plugins.
Preloading 0 native plugins for Editor in 0.00 ms.
Unloading 1111 Unused Serialized files (Serialized files now loaded: 0)
System memory in use before: 138.0 MB.
System memory in use after: 138.1 MB.

Unloading 5 unused Assets to reduce memory usage. Loaded Objects now: 1681.
Total: 2.259100 ms (FindLiveObjects: 0.280200 ms CreateObjectMapping: 0.077400 ms MarkObjects: 1.769300 ms  DeleteObjects: 0.130200 ms)

========================================================================
Received Import Request.
  Time since last request: 126.538149 seconds.
  path: Assets/Scripts/scenescript.cs
  artifactKey: Guid(6c9d550304911d64fae48e35e04d7130) Importer(815301076,1909f56bfc062723c751e8b465ee728b)
Start importing Assets/Scripts/scenescript.cs using Guid(6c9d550304911d64fae48e35e04d7130) Importer(815301076,1909f56bfc062723c751e8b465ee728b)  -> (artifact id: '15f35ccd469508ea46e389b0d054bca6') in 0.014124 seconds
  Import took 0.018818 seconds .

========================================================================
Received Prepare
Registering precompiled user dll's ...
Registered in 0.000698 seconds.
Begin MonoManager ReloadAssembly
Native extension for WindowsStandalone target not found
Native extension for WebGL target not found
Refreshing native plugins compatible for Editor in 0.22 ms, found 0 plugins.
Preloading 0 native plugins for Editor in 0.00 ms.
Invoked RoslynAnalysisRunner static constructor.
RoslynAnalysisRunner will not be running.
RoslynAnalysisRunner has terminated.
Mono: successfully reloaded assembly
- Completed reload, in  1.065 seconds
Platform modules already initialized, skipping
Refreshing native plugins compatible for Editor in 0.23 ms, found 0 plugins.
Preloading 0 native plugins for Editor in 0.00 ms.
Unloading 1111 Unused Serialized files (Serialized files now loaded: 0)
System memory in use before: 138.0 MB.
System memory in use after: 138.1 MB.

Unloading 5 unused Assets to reduce memory usage. Loaded Objects now: 1684.
Total: 1.778800 ms (FindLiveObjects: 0.170400 ms CreateObjectMapping: 0.049800 ms MarkObjects: 1.478700 ms  DeleteObjects: 0.078300 ms)

========================================================================
Received Import Request.
  Time since last request: 19.845069 seconds.
  path: Assets/Scripts/scenescript.cs
  artifactKey: Guid(6c9d550304911d64fae48e35e04d7130) Importer(815301076,1909f56bfc062723c751e8b465ee728b)
Start importing Assets/Scripts/scenescript.cs using Guid(6c9d550304911d64fae48e35e04d7130) Importer(815301076,1909f56bfc062723c751e8b465ee728b)  -> (artifact id: 'b055c105767a4d474be8db061365dfc9') in 0.004628 seconds
  Import took 0.009285 seconds .

========================================================================
Received Prepare
Registering precompiled user dll's ...
Registered in 0.000632 seconds.
Begin MonoManager ReloadAssembly
Native extension for WindowsStandalone target not found
Native extension for WebGL target not found
Refreshing native plugins compatible for Editor in 0.19 ms, found 0 plugins.
Preloading 0 native plugins for Editor in 0.00 ms.
Invoked RoslynAnalysisRunner static constructor.
RoslynAnalysisRunner will not be running.
RoslynAnalysisRunner has terminated.
Mono: successfully reloaded assembly
- Completed reload, in  0.806 seconds
Platform modules already initialized, skipping
Refreshing native plugins compatible for Editor in 0.24 ms, found 0 plugins.
Preloading 0 native plugins for Editor in 0.00 ms.
Unloading 1111 Unused Serialized files (Serialized files now loaded: 0)
System memory in use before: 138.0 MB.
System memory in use after: 138.1 MB.

Unloading 5 unused Assets to reduce memory usage. Loaded Objects now: 1687.
Total: 2.290800 ms (FindLiveObjects: 0.285700 ms CreateObjectMapping: 0.051900 ms MarkObjects: 1.873400 ms  DeleteObjects: 0.076700 ms)

========================================================================
Received Import Request.
  Time since last request: 117.002051 seconds.
  path: Assets/Scripts/playerscript.cs
  artifactKey: Guid(c9a89cfa0b0b7ac49b00e969f0d10bf8) Importer(815301076,1909f56bfc062723c751e8b465ee728b)
Start importing Assets/Scripts/playerscript.cs using Guid(c9a89cfa0b0b7ac49b00e969f0d10bf8) Importer(815301076,1909f56bfc062723c751e8b465ee728b)  -> (artifact id: '19814b0f09c91ba274902362d7ef6dea') in 0.005747 seconds
  Import took 0.010067 seconds .

========================================================================
Received Prepare
Registering precompiled user dll's ...
Registered in 0.000724 seconds.
Begin MonoManager ReloadAssembly
Native extension for WindowsStandalone target not found
Native extension for WebGL target not found
Refreshing native plugins compatible for Editor in 0.22 ms, found 0 plugins.
Preloading 0 native plugins for Editor in 0.00 ms.
Invoked RoslynAnalysisRunner static constructor.
RoslynAnalysisRunner will not be running.
RoslynAnalysisRunner has terminated.
Mono: successfully reloaded assembly
- Completed reload, in  0.861 seconds
Platform modules already initialized, skipping
Refreshing native plugins compatible for Editor in 0.26 ms, found 0 plugins.
Preloading 0 native plugins for Editor in 0.00 ms.
Unloading 1111 Unused Serialized files (Serialized files now loaded: 0)
System memory in use before: 138.0 MB.
System memory in use after: 138.1 MB.

Unloading 5 unused Assets to reduce memory usage. Loaded Objects now: 1690.
Total: 2.226900 ms (FindLiveObjects: 0.225000 ms CreateObjectMapping: 0.038700 ms MarkObjects: 1.839700 ms  DeleteObjects: 0.122200 ms)

========================================================================
Received Prepare
Registering precompiled user dll's ...
Registered in 0.002067 seconds.
Begin MonoManager ReloadAssembly
Native extension for WindowsStandalone target not found
Native extension for WebGL target not found
Refreshing native plugins compatible for Editor in 0.56 ms, found 0 plugins.
Preloading 0 native plugins for Editor in 0.00 ms.
Invoked RoslynAnalysisRunner static constructor.
RoslynAnalysisRunner will not be running.
RoslynAnalysisRunner has terminated.
Mono: successfully reloaded assembly
- Completed reload, in  1.069 seconds
Platform modules already initialized, skipping
Refreshing native plugins compatible for Editor in 0.31 ms, found 0 plugins.
Preloading 0 native plugins for Editor in 0.00 ms.
Unloading 1111 Unused Serialized files (Serialized files now loaded: 0)
System memory in use before: 138.0 MB.
System memory in use after: 138.1 MB.

Unloading 5 unused Assets to reduce memory usage. Loaded Objects now: 1693.
Total: 4.000300 ms (FindLiveObjects: 0.519100 ms CreateObjectMapping: 0.173100 ms MarkObjects: 3.215700 ms  DeleteObjects: 0.087500 ms)

========================================================================
Received Import Request.
  Time since last request: 187.531407 seconds.
  path: Assets/Scripts/scenescript.cs
  artifactKey: Guid(6c9d550304911d64fae48e35e04d7130) Importer(815301076,1909f56bfc062723c751e8b465ee728b)
Start importing Assets/Scripts/scenescript.cs using Guid(6c9d550304911d64fae48e35e04d7130) Importer(815301076,1909f56bfc062723c751e8b465ee728b)  -> (artifact id: '8d30cf125c27e9daa5c28e87715db22f') in 0.006034 seconds
  Import took 0.010535 seconds .

========================================================================
Received Prepare
Registering precompiled user dll's ...
Registered in 0.001015 seconds.
Begin MonoManager ReloadAssembly
Native extension for WindowsStandalone target not found
Native extension for WebGL target not found
Refreshing native plugins compatible for Editor in 0.25 ms, found 0 plugins.
Preloading 0 native plugins for Editor in 0.00 ms.
Invoked RoslynAnalysisRunner static constructor.
RoslynAnalysisRunner will not be running.
RoslynAnalysisRunner has terminated.
Mono: successfully reloaded assembly
- Completed reload, in  0.819 seconds
Platform modules already initialized, skipping
Refreshing native plugins compatible for Editor in 0.21 ms, found 0 plugins.
Preloading 0 native plugins for Editor in 0.00 ms.
Unloading 1111 Unused Serialized files (Serialized files now loaded: 0)
System memory in use before: 138.0 MB.
System memory in use after: 138.1 MB.

Unloading 5 unused Assets to reduce memory usage. Loaded Objects now: 1696.
Total: 2.781000 ms (FindLiveObjects: 0.216200 ms CreateObjectMapping: 0.042800 ms MarkObjects: 2.417500 ms  DeleteObjects: 0.103200 ms)

========================================================================
Received Prepare
Registering precompiled user dll's ...
Registered in 0.000775 seconds.
Begin MonoManager ReloadAssembly
Native extension for WindowsStandalone target not found
Native extension for WebGL target not found
Refreshing native plugins compatible for Editor in 0.20 ms, found 0 plugins.
Preloading 0 native plugins for Editor in 0.00 ms.
Invoked RoslynAnalysisRunner static constructor.
RoslynAnalysisRunner will not be running.
RoslynAnalysisRunner has terminated.
Mono: successfully reloaded assembly
- Completed reload, in  0.959 seconds
Platform modules already initialized, skipping
Refreshing native plugins compatible for Editor in 0.20 ms, found 0 plugins.
Preloading 0 native plugins for Editor in 0.00 ms.
Unloading 1111 Unused Serialized files (Serialized files now loaded: 0)
System memory in use before: 138.0 MB.
System memory in use after: 138.1 MB.

Unloading 5 unused Assets to reduce memory usage. Loaded Objects now: 1699.
Total: 2.755700 ms (FindLiveObjects: 0.407400 ms CreateObjectMapping: 0.282100 ms MarkObjects: 1.935300 ms  DeleteObjects: 0.128900 ms)

========================================================================
Received Prepare
Registering precompiled user dll's ...
Registered in 0.000984 seconds.
Begin MonoManager ReloadAssembly
Native extension for WindowsStandalone target not found
Native extension for WebGL target not found
Refreshing native plugins compatible for Editor in 0.21 ms, found 0 plugins.
Preloading 0 native plugins for Editor in 0.00 ms.
Invoked RoslynAnalysisRunner static constructor.
RoslynAnalysisRunner will not be running.
RoslynAnalysisRunner has terminated.
Mono: successfully reloaded assembly
- Completed reload, in  0.843 seconds
Platform modules already initialized, skipping
Refreshing native plugins compatible for Editor in 0.20 ms, found 0 plugins.
Preloading 0 native plugins for Editor in 0.00 ms.
Unloading 1111 Unused Serialized files (Serialized files now loaded: 0)
System memory in use before: 138.0 MB.
System memory in use after: 138.1 MB.

Unloading 5 unused Assets to reduce memory usage. Loaded Objects now: 1702.
Total: 2.046400 ms (FindLiveObjects: 0.184600 ms CreateObjectMapping: 0.038600 ms MarkObjects: 1.714500 ms  DeleteObjects: 0.107700 ms)

========================================================================
Received Import Request.
  Time since last request: 334.455838 seconds.
  path: Assets/Scripts/scenescript.cs
  artifactKey: Guid(6c9d550304911d64fae48e35e04d7130) Importer(815301076,1909f56bfc062723c751e8b465ee728b)
Start importing Assets/Scripts/scenescript.cs using Guid(6c9d550304911d64fae48e35e04d7130) Importer(815301076,1909f56bfc062723c751e8b465ee728b)  -> (artifact id: '3c61ad22d124feeaca1bdcc80adfae7f') in 0.005529 seconds
  Import took 0.008016 seconds .

========================================================================
Received Import Request.
  Time since last request: 0.001190 seconds.
  path: Assets/Scripts/scenescript.cs
  artifactKey: Guid(6c9d550304911d64fae48e35e04d7130) Importer(815301076,1909f56bfc062723c751e8b465ee728b)
Start importing Assets/Scripts/scenescript.cs using Guid(6c9d550304911d64fae48e35e04d7130) Importer(815301076,1909f56bfc062723c751e8b465ee728b)  -> (artifact id: '3c61ad22d124feeaca1bdcc80adfae7f') in 0.003834 seconds
  Import took 0.006220 seconds .

========================================================================
Received Prepare
Registering precompiled user dll's ...
Registered in 0.000638 seconds.
Begin MonoManager ReloadAssembly
Native extension for WindowsStandalone target not found
Native extension for WebGL target not found
Refreshing native plugins compatible for Editor in 0.24 ms, found 0 plugins.
Preloading 0 native plugins for Editor in 0.00 ms.
Invoked RoslynAnalysisRunner static constructor.
RoslynAnalysisRunner will not be running.
RoslynAnalysisRunner has terminated.
Mono: successfully reloaded assembly
- Completed reload, in  0.833 seconds
Platform modules already initialized, skipping
Refreshing native plugins compatible for Editor in 0.21 ms, found 0 plugins.
Preloading 0 native plugins for Editor in 0.00 ms.
Unloading 1110 Unused Serialized files (Serialized files now loaded: 0)
System memory in use before: 138.0 MB.
System memory in use after: 138.1 MB.

Unloading 6 unused Assets to reduce memory usage. Loaded Objects now: 1704.
Total: 2.739200 ms (FindLiveObjects: 0.546600 ms CreateObjectMapping: 0.110700 ms MarkObjects: 2.001700 ms  DeleteObjects: 0.076500 ms)

========================================================================
Received Import Request.
  Time since last request: 175.316462 seconds.
  path: ProjectSettings/TagManager.asset
  artifactKey: Guid(00000000000000003000000000000000) Importer(815301076,1909f56bfc062723c751e8b465ee728b)
Start importing ProjectSettings/TagManager.asset using Guid(00000000000000003000000000000000) Importer(815301076,1909f56bfc062723c751e8b465ee728b)  -> (artifact id: '298aaeb6fbde0ef451fa13140a4d2281') in 0.017476 seconds
  Import took 0.019924 seconds .

========================================================================
Received Import Request.
  Time since last request: 0.000833 seconds.
  path: ProjectSettings/TagManager.asset
  artifactKey: Guid(00000000000000003000000000000000) Importer(815301076,1909f56bfc062723c751e8b465ee728b)
Start importing ProjectSettings/TagManager.asset using Guid(00000000000000003000000000000000) Importer(815301076,1909f56bfc062723c751e8b465ee728b)  -> (artifact id: '298aaeb6fbde0ef451fa13140a4d2281') in 0.003719 seconds
  Import took 0.006073 seconds .

========================================================================
Received Prepare
Registering precompiled user dll's ...
Registered in 0.002037 seconds.
Begin MonoManager ReloadAssembly
Native extension for WindowsStandalone target not found
Native extension for WebGL target not found
Refreshing native plugins compatible for Editor in 0.21 ms, found 0 plugins.
Preloading 0 native plugins for Editor in 0.00 ms.
Invoked RoslynAnalysisRunner static constructor.
RoslynAnalysisRunner will not be running.
RoslynAnalysisRunner has terminated.
Mono: successfully reloaded assembly
- Completed reload, in  1.189 seconds
Platform modules already initialized, skipping
Refreshing native plugins compatible for Editor in 0.21 ms, found 0 plugins.
Preloading 0 native plugins for Editor in 0.00 ms.
Unloading 1110 Unused Serialized files (Serialized files now loaded: 0)
System memory in use before: 138.0 MB.
System memory in use after: 138.1 MB.

Unloading 7 unused Assets to reduce memory usage. Loaded Objects now: 1707.
Total: 2.534300 ms (FindLiveObjects: 0.669900 ms CreateObjectMapping: 0.047000 ms MarkObjects: 1.739300 ms  DeleteObjects: 0.076200 ms)

========================================================================
Received Prepare
Registering precompiled user dll's ...
Registered in 0.001776 seconds.
Begin MonoManager ReloadAssembly
Native extension for WindowsStandalone target not found
Native extension for WebGL target not found
Refreshing native plugins compatible for Editor in 0.34 ms, found 0 plugins.
Preloading 0 native plugins for Editor in 0.00 ms.
Invoked RoslynAnalysisRunner static constructor.
RoslynAnalysisRunner will not be running.
RoslynAnalysisRunner has terminated.
Mono: successfully reloaded assembly
- Completed reload, in  1.364 seconds
Platform modules already initialized, skipping
Refreshing native plugins compatible for Editor in 0.52 ms, found 0 plugins.
Preloading 0 native plugins for Editor in 0.00 ms.
Unloading 1110 Unused Serialized files (Serialized files now loaded: 0)
System memory in use before: 138.0 MB.
System memory in use after: 138.1 MB.

Unloading 5 unused Assets to reduce memory usage. Loaded Objects now: 1710.
Total: 3.140200 ms (FindLiveObjects: 0.273900 ms CreateObjectMapping: 0.104000 ms MarkObjects: 2.656500 ms  DeleteObjects: 0.103900 ms)

========================================================================
Received Prepare
Registering precompiled user dll's ...
Registered in 0.000721 seconds.
Begin MonoManager ReloadAssembly
Native extension for WindowsStandalone target not found
Native extension for WebGL target not found
Refreshing native plugins compatible for Editor in 0.22 ms, found 0 plugins.
Preloading 0 native plugins for Editor in 0.00 ms.
Invoked RoslynAnalysisRunner static constructor.
RoslynAnalysisRunner will not be running.
RoslynAnalysisRunner has terminated.
Mono: successfully reloaded assembly
- Completed reload, in  1.061 seconds
Platform modules already initialized, skipping
Refreshing native plugins compatible for Editor in 0.41 ms, found 0 plugins.
Preloading 0 native plugins for Editor in 0.00 ms.
Unloading 1110 Unused Serialized files (Serialized files now loaded: 0)
System memory in use before: 138.0 MB.
System memory in use after: 138.1 MB.

Unloading 5 unused Assets to reduce memory usage. Loaded Objects now: 1713.
Total: 3.335900 ms (FindLiveObjects: 0.518400 ms CreateObjectMapping: 0.300200 ms MarkObjects: 2.358200 ms  DeleteObjects: 0.156100 ms)

========================================================================
Received Prepare
Registering precompiled user dll's ...
Registered in 0.000681 seconds.
Begin MonoManager ReloadAssembly
Native extension for WindowsStandalone target not found
Native extension for WebGL target not found
Refreshing native plugins compatible for Editor in 0.41 ms, found 0 plugins.
Preloading 0 native plugins for Editor in 0.00 ms.
Invoked RoslynAnalysisRunner static constructor.
RoslynAnalysisRunner will not be running.
RoslynAnalysisRunner has terminated.
Mono: successfully reloaded assembly
- Completed reload, in  1.025 seconds
Platform modules already initialized, skipping
Refreshing native plugins compatible for Editor in 0.25 ms, found 0 plugins.
Preloading 0 native plugins for Editor in 0.00 ms.
Unloading 1110 Unused Serialized files (Serialized files now loaded: 0)
System memory in use before: 138.0 MB.
System memory in use after: 138.1 MB.

Unloading 5 unused Assets to reduce memory usage. Loaded Objects now: 1716.
Total: 2.840200 ms (FindLiveObjects: 0.352900 ms CreateObjectMapping: 0.075400 ms MarkObjects: 2.293800 ms  DeleteObjects: 0.116500 ms)

========================================================================
Received Prepare
Registering precompiled user dll's ...
Registered in 0.001349 seconds.
Begin MonoManager ReloadAssembly
Native extension for WindowsStandalone target not found
Native extension for WebGL target not found
Refreshing native plugins compatible for Editor in 0.25 ms, found 0 plugins.
Preloading 0 native plugins for Editor in 0.00 ms.
Invoked RoslynAnalysisRunner static constructor.
RoslynAnalysisRunner will not be running.
RoslynAnalysisRunner has terminated.
Mono: successfully reloaded assembly
- Completed reload, in  0.875 seconds
Platform modules already initialized, skipping
Refreshing native plugins compatible for Editor in 0.24 ms, found 0 plugins.
Preloading 0 native plugins for Editor in 0.00 ms.
Unloading 1110 Unused Serialized files (Serialized files now loaded: 0)
System memory in use before: 138.0 MB.
System memory in use after: 138.1 MB.

Unloading 5 unused Assets to reduce memory usage. Loaded Objects now: 1719.
Total: 1.871800 ms (FindLiveObjects: 0.156100 ms CreateObjectMapping: 0.030700 ms MarkObjects: 1.602000 ms  DeleteObjects: 0.081100 ms)

========================================================================
Received Prepare
Registering precompiled user dll's ...
Registered in 0.000819 seconds.
Begin MonoManager ReloadAssembly
Native extension for WindowsStandalone target not found
Native extension for WebGL target not found
Refreshing native plugins compatible for Editor in 0.19 ms, found 0 plugins.
Preloading 0 native plugins for Editor in 0.00 ms.
Invoked RoslynAnalysisRunner static constructor.
RoslynAnalysisRunner will not be running.
RoslynAnalysisRunner has terminated.
Mono: successfully reloaded assembly
- Completed reload, in  0.810 seconds
Platform modules already initialized, skipping
Refreshing native plugins compatible for Editor in 0.35 ms, found 0 plugins.
Preloading 0 native plugins for Editor in 0.00 ms.
Unloading 1110 Unused Serialized files (Serialized files now loaded: 0)
System memory in use before: 138.0 MB.
System memory in use after: 138.1 MB.

Unloading 5 unused Assets to reduce memory usage. Loaded Objects now: 1722.
Total: 7.026600 ms (FindLiveObjects: 0.414300 ms CreateObjectMapping: 0.085100 ms MarkObjects: 6.318400 ms  DeleteObjects: 0.205900 ms)

========================================================================
Received Prepare
Registering precompiled user dll's ...
Registered in 0.000705 seconds.
Begin MonoManager ReloadAssembly
Native extension for WindowsStandalone target not found
Native extension for WebGL target not found
Refreshing native plugins compatible for Editor in 0.21 ms, found 0 plugins.
Preloading 0 native plugins for Editor in 0.00 ms.
Invoked RoslynAnalysisRunner static constructor.
RoslynAnalysisRunner will not be running.
RoslynAnalysisRunner has terminated.
Mono: successfully reloaded assembly
- Completed reload, in  0.857 seconds
Platform modules already initialized, skipping
Refreshing native plugins compatible for Editor in 0.21 ms, found 0 plugins.
Preloading 0 native plugins for Editor in 0.00 ms.
Unloading 1110 Unused Serialized files (Serialized files now loaded: 0)
System memory in use before: 138.0 MB.
System memory in use after: 138.1 MB.

Unloading 5 unused Assets to reduce memory usage. Loaded Objects now: 1725.
Total: 2.380300 ms (FindLiveObjects: 0.199000 ms CreateObjectMapping: 0.037900 ms MarkObjects: 2.037800 ms  DeleteObjects: 0.104300 ms)

========================================================================
Received Prepare
Registering precompiled user dll's ...
Registered in 0.000690 seconds.
Begin MonoManager ReloadAssembly
Native extension for WindowsStandalone target not found
Native extension for WebGL target not found
Refreshing native plugins compatible for Editor in 0.21 ms, found 0 plugins.
Preloading 0 native plugins for Editor in 0.00 ms.
Invoked RoslynAnalysisRunner static constructor.
RoslynAnalysisRunner will not be running.
RoslynAnalysisRunner has terminated.
Mono: successfully reloaded assembly
- Completed reload, in  0.829 seconds
Platform modules already initialized, skipping
Refreshing native plugins compatible for Editor in 0.24 ms, found 0 plugins.
Preloading 0 native plugins for Editor in 0.00 ms.
Unloading 1110 Unused Serialized files (Serialized files now loaded: 0)
System memory in use before: 138.0 MB.
System memory in use after: 138.1 MB.

Unloading 5 unused Assets to reduce memory usage. Loaded Objects now: 1728.
Total: 2.283600 ms (FindLiveObjects: 0.206400 ms CreateObjectMapping: 0.046700 ms MarkObjects: 1.952400 ms  DeleteObjects: 0.076800 ms)

========================================================================
Received Prepare
Registering precompiled user dll's ...
Registered in 0.000855 seconds.
Begin MonoManager ReloadAssembly
Native extension for WindowsStandalone target not found
Native extension for WebGL target not found
Refreshing native plugins compatible for Editor in 0.19 ms, found 0 plugins.
Preloading 0 native plugins for Editor in 0.00 ms.
Invoked RoslynAnalysisRunner static constructor.
RoslynAnalysisRunner will not be running.
RoslynAnalysisRunner has terminated.
Mono: successfully reloaded assembly
- Completed reload, in  0.778 seconds
Platform modules already initialized, skipping
Refreshing native plugins compatible for Editor in 0.21 ms, found 0 plugins.
Preloading 0 native plugins for Editor in 0.00 ms.
Unloading 1110 Unused Serialized files (Serialized files now loaded: 0)
System memory in use before: 138.1 MB.
System memory in use after: 138.1 MB.

Unloading 5 unused Assets to reduce memory usage. Loaded Objects now: 1731.
Total: 1.974900 ms (FindLiveObjects: 0.215800 ms CreateObjectMapping: 0.044100 ms MarkObjects: 1.644600 ms  DeleteObjects: 0.067700 ms)

========================================================================
Received Prepare
Registering precompiled user dll's ...
Registered in 0.001074 seconds.
Begin MonoManager ReloadAssembly
Native extension for WindowsStandalone target not found
Native extension for WebGL target not found
Refreshing native plugins compatible for Editor in 0.39 ms, found 0 plugins.
Preloading 0 native plugins for Editor in 0.00 ms.
Invoked RoslynAnalysisRunner static constructor.
RoslynAnalysisRunner will not be running.
RoslynAnalysisRunner has terminated.
Mono: successfully reloaded assembly
- Completed reload, in  0.783 seconds
Platform modules already initialized, skipping
Refreshing native plugins compatible for Editor in 0.20 ms, found 0 plugins.
Preloading 0 native plugins for Editor in 0.00 ms.
Unloading 1110 Unused Serialized files (Serialized files now loaded: 0)
System memory in use before: 138.1 MB.
System memory in use after: 138.1 MB.

Unloading 5 unused Assets to reduce memory usage. Loaded Objects now: 1734.
Total: 2.045800 ms (FindLiveObjects: 0.217200 ms CreateObjectMapping: 0.072200 ms MarkObjects: 1.674000 ms  DeleteObjects: 0.081000 ms)

========================================================================
Received Prepare
Registering precompiled user dll's ...
Registered in 0.000718 seconds.
Begin MonoManager ReloadAssembly
Native extension for WindowsStandalone target not found
Native extension for WebGL target not found
Refreshing native plugins compatible for Editor in 0.25 ms, found 0 plugins.
Preloading 0 native plugins for Editor in 0.00 ms.
Invoked RoslynAnalysisRunner static constructor.
RoslynAnalysisRunner will not be running.
RoslynAnalysisRunner has terminated.
Mono: successfully reloaded assembly
- Completed reload, in  0.827 seconds
Platform modules already initialized, skipping
Refreshing native plugins compatible for Editor in 0.20 ms, found 0 plugins.
Preloading 0 native plugins for Editor in 0.00 ms.
Unloading 1110 Unused Serialized files (Serialized files now loaded: 0)
System memory in use before: 138.1 MB.
System memory in use after: 138.1 MB.

Unloading 5 unused Assets to reduce memory usage. Loaded Objects now: 1737.
Total: 2.231400 ms (FindLiveObjects: 0.182900 ms CreateObjectMapping: 0.074700 ms MarkObjects: 1.900200 ms  DeleteObjects: 0.072000 ms)

========================================================================
Received Prepare
Registering precompiled user dll's ...
Registered in 0.000684 seconds.
Begin MonoManager ReloadAssembly
Native extension for WindowsStandalone target not found
Native extension for WebGL target not found
Refreshing native plugins compatible for Editor in 0.21 ms, found 0 plugins.
Preloading 0 native plugins for Editor in 0.00 ms.
Invoked RoslynAnalysisRunner static constructor.
RoslynAnalysisRunner will not be running.
RoslynAnalysisRunner has terminated.
Mono: successfully reloaded assembly
- Completed reload, in  1.301 seconds
Platform modules already initialized, skipping
Refreshing native plugins compatible for Editor in 0.31 ms, found 0 plugins.
Preloading 0 native plugins for Editor in 0.00 ms.
Unloading 1110 Unused Serialized files (Serialized files now loaded: 0)
System memory in use before: 138.1 MB.
System memory in use after: 138.1 MB.

Unloading 5 unused Assets to reduce memory usage. Loaded Objects now: 1740.
Total: 3.801000 ms (FindLiveObjects: 0.403400 ms CreateObjectMapping: 0.126800 ms MarkObjects: 3.090000 ms  DeleteObjects: 0.178200 ms)

========================================================================
Received Prepare
Registering precompiled user dll's ...
Registered in 0.001764 seconds.
Begin MonoManager ReloadAssembly
Native extension for WindowsStandalone target not found
Native extension for WebGL target not found
Refreshing native plugins compatible for Editor in 0.23 ms, found 0 plugins.
Preloading 0 native plugins for Editor in 0.00 ms.
Invoked RoslynAnalysisRunner static constructor.
RoslynAnalysisRunner will not be running.
RoslynAnalysisRunner has terminated.
Mono: successfully reloaded assembly
- Completed reload, in  0.901 seconds
Platform modules already initialized, skipping
Refreshing native plugins compatible for Editor in 0.22 ms, found 0 plugins.
Preloading 0 native plugins for Editor in 0.00 ms.
Unloading 1110 Unused Serialized files (Serialized files now loaded: 0)
System memory in use before: 138.1 MB.
System memory in use after: 138.1 MB.

Unloading 5 unused Assets to reduce memory usage. Loaded Objects now: 1743.
Total: 2.138700 ms (FindLiveObjects: 0.186200 ms CreateObjectMapping: 0.042000 ms MarkObjects: 1.838000 ms  DeleteObjects: 0.070600 ms)

========================================================================
Received Prepare
Registering precompiled user dll's ...
Registered in 0.000996 seconds.
Begin MonoManager ReloadAssembly
Native extension for WindowsStandalone target not found
Native extension for WebGL target not found
Refreshing native plugins compatible for Editor in 0.22 ms, found 0 plugins.
Preloading 0 native plugins for Editor in 0.00 ms.
Invoked RoslynAnalysisRunner static constructor.
RoslynAnalysisRunner will not be running.
RoslynAnalysisRunner has terminated.
Mono: successfully reloaded assembly
- Completed reload, in  0.850 seconds
Platform modules already initialized, skipping
Refreshing native plugins compatible for Editor in 0.24 ms, found 0 plugins.
Preloading 0 native plugins for Editor in 0.00 ms.
Unloading 1110 Unused Serialized files (Serialized files now loaded: 0)
System memory in use before: 138.1 MB.
System memory in use after: 138.2 MB.

Unloading 5 unused Assets to reduce memory usage. Loaded Objects now: 1746.
Total: 2.584200 ms (FindLiveObjects: 0.492400 ms CreateObjectMapping: 0.098000 ms MarkObjects: 1.902300 ms  DeleteObjects: 0.089700 ms)

========================================================================
Received Prepare
Registering precompiled user dll's ...
Registered in 0.002334 seconds.
Begin MonoManager ReloadAssembly
Native extension for WindowsStandalone target not found
Native extension for WebGL target not found
Refreshing native plugins compatible for Editor in 0.23 ms, found 0 plugins.
Preloading 0 native plugins for Editor in 0.00 ms.
Invoked RoslynAnalysisRunner static constructor.
RoslynAnalysisRunner will not be running.
RoslynAnalysisRunner has terminated.
Mono: successfully reloaded assembly
- Completed reload, in  0.852 seconds
Platform modules already initialized, skipping
Refreshing native plugins compatible for Editor in 0.30 ms, found 0 plugins.
Preloading 0 native plugins for Editor in 0.00 ms.
Unloading 1110 Unused Serialized files (Serialized files now loaded: 0)
System memory in use before: 138.1 MB.
System memory in use after: 138.2 MB.

Unloading 5 unused Assets to reduce memory usage. Loaded Objects now: 1749.
Total: 2.240200 ms (FindLiveObjects: 0.246900 ms CreateObjectMapping: 0.043300 ms MarkObjects: 1.876700 ms  DeleteObjects: 0.072300 ms)

========================================================================
Received Prepare
Registering precompiled user dll's ...
Registered in 0.000823 seconds.
Begin MonoManager ReloadAssembly
Native extension for WindowsStandalone target not found
Native extension for WebGL target not found
Refreshing native plugins compatible for Editor in 0.22 ms, found 0 plugins.
Preloading 0 native plugins for Editor in 0.00 ms.
Invoked RoslynAnalysisRunner static constructor.
RoslynAnalysisRunner will not be running.
RoslynAnalysisRunner has terminated.
Mono: successfully reloaded assembly
- Completed reload, in  0.832 seconds
Platform modules already initialized, skipping
Refreshing native plugins compatible for Editor in 0.25 ms, found 0 plugins.
Preloading 0 native plugins for Editor in 0.00 ms.
Unloading 1110 Unused Serialized files (Serialized files now loaded: 0)
System memory in use before: 138.1 MB.
System memory in use after: 138.2 MB.

Unloading 5 unused Assets to reduce memory usage. Loaded Objects now: 1752.
Total: 2.505100 ms (FindLiveObjects: 0.251700 ms CreateObjectMapping: 0.080500 ms MarkObjects: 2.096800 ms  DeleteObjects: 0.075000 ms)

========================================================================
Received Prepare
Registering precompiled user dll's ...
Registered in 0.000865 seconds.
Begin MonoManager ReloadAssembly
Native extension for WindowsStandalone target not found
Native extension for WebGL target not found
Refreshing native plugins compatible for Editor in 0.20 ms, found 0 plugins.
Preloading 0 native plugins for Editor in 0.00 ms.
Invoked RoslynAnalysisRunner static constructor.
RoslynAnalysisRunner will not be running.
RoslynAnalysisRunner has terminated.
Mono: successfully reloaded assembly
- Completed reload, in  0.779 seconds
Platform modules already initialized, skipping
Refreshing native plugins compatible for Editor in 0.24 ms, found 0 plugins.
Preloading 0 native plugins for Editor in 0.00 ms.
Unloading 1110 Unused Serialized files (Serialized files now loaded: 0)
System memory in use before: 138.1 MB.
System memory in use after: 138.2 MB.

Unloading 5 unused Assets to reduce memory usage. Loaded Objects now: 1755.
Total: 2.528500 ms (FindLiveObjects: 0.255000 ms CreateObjectMapping: 0.046100 ms MarkObjects: 2.146300 ms  DeleteObjects: 0.079300 ms)

========================================================================
Received Prepare
Registering precompiled user dll's ...
Registered in 0.000641 seconds.
Begin MonoManager ReloadAssembly
Native extension for WindowsStandalone target not found
Native extension for WebGL target not found
Refreshing native plugins compatible for Editor in 0.25 ms, found 0 plugins.
Preloading 0 native plugins for Editor in 0.00 ms.
Invoked RoslynAnalysisRunner static constructor.
RoslynAnalysisRunner will not be running.
RoslynAnalysisRunner has terminated.
Mono: successfully reloaded assembly
- Completed reload, in  0.823 seconds
Platform modules already initialized, skipping
Refreshing native plugins compatible for Editor in 0.21 ms, found 0 plugins.
Preloading 0 native plugins for Editor in 0.00 ms.
Unloading 1110 Unused Serialized files (Serialized files now loaded: 0)
System memory in use before: 138.1 MB.
System memory in use after: 138.2 MB.

Unloading 5 unused Assets to reduce memory usage. Loaded Objects now: 1758.
Total: 2.369300 ms (FindLiveObjects: 0.308600 ms CreateObjectMapping: 0.067000 ms MarkObjects: 1.873900 ms  DeleteObjects: 0.118300 ms)

========================================================================
Received Prepare
Registering precompiled user dll's ...
Registered in 0.000838 seconds.
Begin MonoManager ReloadAssembly
Native extension for WindowsStandalone target not found
Native extension for WebGL target not found
Refreshing native plugins compatible for Editor in 0.19 ms, found 0 plugins.
Preloading 0 native plugins for Editor in 0.00 ms.
Invoked RoslynAnalysisRunner static constructor.
RoslynAnalysisRunner will not be running.
RoslynAnalysisRunner has terminated.
Mono: successfully reloaded assembly
- Completed reload, in  0.792 seconds
Platform modules already initialized, skipping
Refreshing native plugins compatible for Editor in 0.28 ms, found 0 plugins.
Preloading 0 native plugins for Editor in 0.00 ms.
Unloading 1110 Unused Serialized files (Serialized files now loaded: 0)
System memory in use before: 138.1 MB.
System memory in use after: 138.2 MB.

Unloading 5 unused Assets to reduce memory usage. Loaded Objects now: 1761.
Total: 2.415200 ms (FindLiveObjects: 0.309000 ms CreateObjectMapping: 0.046500 ms MarkObjects: 1.957500 ms  DeleteObjects: 0.099300 ms)

========================================================================
Received Prepare
Registering precompiled user dll's ...
Registered in 0.000758 seconds.
Begin MonoManager ReloadAssembly
Native extension for WindowsStandalone target not found
Native extension for WebGL target not found
Refreshing native plugins compatible for Editor in 0.37 ms, found 0 plugins.
Preloading 0 native plugins for Editor in 0.00 ms.
Invoked RoslynAnalysisRunner static constructor.
RoslynAnalysisRunner will not be running.
RoslynAnalysisRunner has terminated.
Mono: successfully reloaded assembly
- Completed reload, in  0.837 seconds
Platform modules already initialized, skipping
Refreshing native plugins compatible for Editor in 0.24 ms, found 0 plugins.
Preloading 0 native plugins for Editor in 0.00 ms.
Unloading 1110 Unused Serialized files (Serialized files now loaded: 0)
System memory in use before: 138.1 MB.
System memory in use after: 138.2 MB.

Unloading 5 unused Assets to reduce memory usage. Loaded Objects now: 1764.
Total: 2.637900 ms (FindLiveObjects: 0.323600 ms CreateObjectMapping: 0.076200 ms MarkObjects: 2.158200 ms  DeleteObjects: 0.078600 ms)

========================================================================
Received Prepare
Registering precompiled user dll's ...
Registered in 0.001313 seconds.
Begin MonoManager ReloadAssembly
Native extension for WindowsStandalone target not found
Native extension for WebGL target not found
Refreshing native plugins compatible for Editor in 0.24 ms, found 0 plugins.
Preloading 0 native plugins for Editor in 0.00 ms.
Invoked RoslynAnalysisRunner static constructor.
RoslynAnalysisRunner will not be running.
RoslynAnalysisRunner has terminated.
Mono: successfully reloaded assembly
- Completed reload, in  0.790 seconds
Platform modules already initialized, skipping
Refreshing native plugins compatible for Editor in 0.21 ms, found 0 plugins.
Preloading 0 native plugins for Editor in 0.00 ms.
Unloading 1110 Unused Serialized files (Serialized files now loaded: 0)
System memory in use before: 138.1 MB.
System memory in use after: 138.2 MB.

Unloading 5 unused Assets to reduce memory usage. Loaded Objects now: 1767.
Total: 1.965000 ms (FindLiveObjects: 0.153700 ms CreateObjectMapping: 0.029700 ms MarkObjects: 1.709800 ms  DeleteObjects: 0.070300 ms)

========================================================================
Received Prepare
Registering precompiled user dll's ...
Registered in 0.001232 seconds.
Begin MonoManager ReloadAssembly
Native extension for WindowsStandalone target not found
Native extension for WebGL target not found
Refreshing native plugins compatible for Editor in 0.24 ms, found 0 plugins.
Preloading 0 native plugins for Editor in 0.00 ms.
Invoked RoslynAnalysisRunner static constructor.
RoslynAnalysisRunner will not be running.
RoslynAnalysisRunner has terminated.
Mono: successfully reloaded assembly
- Completed reload, in  0.815 seconds
Platform modules already initialized, skipping
Refreshing native plugins compatible for Editor in 0.25 ms, found 0 plugins.
Preloading 0 native plugins for Editor in 0.00 ms.
Unloading 1110 Unused Serialized files (Serialized files now loaded: 0)
System memory in use before: 138.1 MB.
System memory in use after: 138.2 MB.

Unloading 5 unused Assets to reduce memory usage. Loaded Objects now: 1770.
Total: 2.687400 ms (FindLiveObjects: 0.326000 ms CreateObjectMapping: 0.063900 ms MarkObjects: 2.211400 ms  DeleteObjects: 0.084300 ms)

========================================================================
Received Import Request.
  Time since last request: 1747.789156 seconds.
  path: Assets/Scenes/SampleScene
  artifactKey: Guid(8d43fae7223b4e143b88bc3f3bd29ed3) Importer(815301076,1909f56bfc062723c751e8b465ee728b)
Start importing Assets/Scenes/SampleScene using Guid(8d43fae7223b4e143b88bc3f3bd29ed3) Importer(815301076,1909f56bfc062723c751e8b465ee728b)  -> (artifact id: '06cd133fbe62951979bcee9a320ebc8c') in 0.009998 seconds
  Import took 0.012470 seconds .

========================================================================
Received Import Request.
  Time since last request: 0.007626 seconds.
  path: Assets/Scenes/SampleScene
  artifactKey: Guid(8d43fae7223b4e143b88bc3f3bd29ed3) Importer(815301076,1909f56bfc062723c751e8b465ee728b)
Start importing Assets/Scenes/SampleScene using Guid(8d43fae7223b4e143b88bc3f3bd29ed3) Importer(815301076,1909f56bfc062723c751e8b465ee728b)  -> (artifact id: '06cd133fbe62951979bcee9a320ebc8c') in 0.003027 seconds
  Import took 0.005247 seconds .

========================================================================
Received Import Request.
  Time since last request: 3.756961 seconds.
  path: Assets/Scenes/scenefinal.unity
  artifactKey: Guid(de710f374efebd54084c08f7e99bf0cc) Importer(815301076,1909f56bfc062723c751e8b465ee728b)
Start importing Assets/Scenes/scenefinal.unity using Guid(de710f374efebd54084c08f7e99bf0cc) Importer(815301076,1909f56bfc062723c751e8b465ee728b)  -> (artifact id: '7eabee80341cad1813c66289fae5c976') in 0.011278 seconds
  Import took 0.014420 seconds .

========================================================================
Received Import Request.
  Time since last request: 2.707849 seconds.
  path: Assets/Scenes/SampleScene.unity
  artifactKey: Guid(9fc0d4010bbf28b4594072e72b8655ab) Importer(815301076,1909f56bfc062723c751e8b465ee728b)
Start importing Assets/Scenes/SampleScene.unity using Guid(9fc0d4010bbf28b4594072e72b8655ab) Importer(815301076,1909f56bfc062723c751e8b465ee728b)  -> (artifact id: '5bcbbe60e79f49238ead22ebdaf480d5') in 0.005437 seconds
  Import took 0.009074 seconds .

========================================================================
Received Prepare
Registering precompiled user dll's ...
Registered in 0.000713 seconds.
Begin MonoManager ReloadAssembly
Native extension for WindowsStandalone target not found
Native extension for WebGL target not found
Refreshing native plugins compatible for Editor in 0.35 ms, found 0 plugins.
Preloading 0 native plugins for Editor in 0.00 ms.
Invoked RoslynAnalysisRunner static constructor.
RoslynAnalysisRunner will not be running.
RoslynAnalysisRunner has terminated.
Mono: successfully reloaded assembly
- Completed reload, in  0.872 seconds
Platform modules already initialized, skipping
Refreshing native plugins compatible for Editor in 0.22 ms, found 0 plugins.
Preloading 0 native plugins for Editor in 0.00 ms.
Unloading 1110 Unused Serialized files (Serialized files now loaded: 0)
System memory in use before: 138.1 MB.
System memory in use after: 138.2 MB.

Unloading 5 unused Assets to reduce memory usage. Loaded Objects now: 1773.
Total: 2.320500 ms (FindLiveObjects: 0.333700 ms CreateObjectMapping: 0.084300 ms MarkObjects: 1.821500 ms  DeleteObjects: 0.079500 ms)

========================================================================
Received Prepare
Registering precompiled user dll's ...
Registered in 0.003349 seconds.
Begin MonoManager ReloadAssembly
Native extension for WindowsStandalone target not found
Native extension for WebGL target not found
Refreshing native plugins compatible for Editor in 0.23 ms, found 0 plugins.
Preloading 0 native plugins for Editor in 0.00 ms.
Invoked RoslynAnalysisRunner static constructor.
RoslynAnalysisRunner will not be running.
RoslynAnalysisRunner has terminated.
Mono: successfully reloaded assembly
- Completed reload, in  0.932 seconds
Platform modules already initialized, skipping
Refreshing native plugins compatible for Editor in 0.22 ms, found 0 plugins.
Preloading 0 native plugins for Editor in 0.00 ms.
Unloading 1110 Unused Serialized files (Serialized files now loaded: 0)
System memory in use before: 138.1 MB.
System memory in use after: 138.2 MB.

Unloading 5 unused Assets to reduce memory usage. Loaded Objects now: 1776.
Total: 2.939200 ms (FindLiveObjects: 0.702700 ms CreateObjectMapping: 0.130400 ms MarkObjects: 1.997800 ms  DeleteObjects: 0.105400 ms)

========================================================================
Received Prepare
Registering precompiled user dll's ...
Registered in 0.001174 seconds.
Begin MonoManager ReloadAssembly
Native extension for WindowsStandalone target not found
Native extension for WebGL target not found
Refreshing native plugins compatible for Editor in 0.23 ms, found 0 plugins.
Preloading 0 native plugins for Editor in 0.00 ms.
Invoked RoslynAnalysisRunner static constructor.
RoslynAnalysisRunner will not be running.
RoslynAnalysisRunner has terminated.
Mono: successfully reloaded assembly
- Completed reload, in  0.802 seconds
Platform modules already initialized, skipping
Refreshing native plugins compatible for Editor in 0.25 ms, found 0 plugins.
Preloading 0 native plugins for Editor in 0.00 ms.
Unloading 1110 Unused Serialized files (Serialized files now loaded: 0)
System memory in use before: 138.2 MB.
System memory in use after: 138.2 MB.

Unloading 5 unused Assets to reduce memory usage. Loaded Objects now: 1779.
Total: 2.222600 ms (FindLiveObjects: 0.285600 ms CreateObjectMapping: 0.033200 ms MarkObjects: 1.818000 ms  DeleteObjects: 0.080600 ms)

========================================================================
Received Import Request.
  Time since last request: 740.220449 seconds.
  path: Assets/Scenes/SampleScene.unity
  artifactKey: Guid(9fc0d4010bbf28b4594072e72b8655ab) Importer(815301076,1909f56bfc062723c751e8b465ee728b)
Start importing Assets/Scenes/SampleScene.unity using Guid(9fc0d4010bbf28b4594072e72b8655ab) Importer(815301076,1909f56bfc062723c751e8b465ee728b)  -> (artifact id: '458bc254e37c75132e1cdaffc0167245') in 0.023481 seconds
  Import took 0.028262 seconds .

========================================================================
Received Prepare
Refreshing native plugins compatible for Editor in 1.23 ms, found 0 plugins.
Preloading 0 native plugins for Editor in 0.00 ms.
Unloading 3 Unused Serialized files (Serialized files now loaded: 0)
System memory in use before: 116.2 MB.
System memory in use after: 116.3 MB.

Unloading 3 unused Assets to reduce memory usage. Loaded Objects now: 1779.
Total: 11.336100 ms (FindLiveObjects: 0.977100 ms CreateObjectMapping: 0.306400 ms MarkObjects: 9.910300 ms  DeleteObjects: 0.125100 ms)

AssetImportWorkerClient::OnTransportError - code=2 error=End of file
